Using pre-set license
Built from '2020.3/staging' branch; Version is '2020.3.3f1 (76626098c1c4) revision 7758432'; Using compiler version '192528614'; Build Type 'Release'
OS: 'Windows 10 Enterprise; OS build 19041.1052; Version 2004; 64bit' Language: 'en' Physical Memory: 32601 MB
BatchMode: 1, IsHumanControllingUs: 0, StartBugReporterOnCrash: 0, Is64bit: 1, IsPro: 0

 COMMAND LINE ARGUMENTS:
D:\uNITY\Editor\Unity.exe
-adb2
-batchMode
-noUpm
-name
AssetImportWorker0
-projectPath
C:/AlwaQedi-A1-A2/AlwaQedi-A1-A2/A1_AbdullahAlwaQedi-main
-logFile
Logs/AssetImportWorker0.log
-srvPort
49302
Successfully changed project path to: C:/AlwaQedi-A1-A2/AlwaQedi-A1-A2/A1_AbdullahAlwaQedi-main
C:/AlwaQedi-A1-A2/AlwaQedi-A1-A2/A1_AbdullahAlwaQedi-main
Using Asset Import Pipeline V2.
Refreshing native plugins compatible for Editor in 37.98 ms, found 1 plugins.
Preloading 0 native plugins for Editor in 0.00 ms.
Initialize engine version: 2020.3.3f1 (76626098c1c4)
[Subsystems] Discovering subsystems at path D:/uNITY/Editor/Data/Resources/UnitySubsystems
[Subsystems] Discovering subsystems at path C:/AlwaQedi-A1-A2/AlwaQedi-A1-A2/A1_AbdullahAlwaQedi-main/Assets
GfxDevice: creating device client; threaded=0
Direct3D:
    Version:  Direct3D 11.0 [level 11.1]
    Renderer: NVIDIA Quadro RTX 4000 (ID=0x1eb1)
    Vendor:   
    VRAM:     8018 MB
    Driver:   27.21.14.5709
Initialize mono
Mono path[0] = 'D:/uNITY/Editor/Data/Managed'
Mono path[1] = 'D:/uNITY/Editor/Data/MonoBleedingEdge/lib/mono/unityjit'
Mono config path = 'D:/uNITY/Editor/Data/MonoBleedingEdge/etc'
Using monoOptions --debugger-agent=transport=dt_socket,embedding=1,server=y,suspend=n,address=127.0.0.1:56016
Begin MonoManager ReloadAssembly
Registering precompiled unity dll's ...
Register platform support module: D:/uNITY/Editor/Data/PlaybackEngines/WindowsStandaloneSupport/UnityEditor.WindowsStandalone.Extensions.dll
Registered in 0.001431 seconds.
Native extension for WindowsStandalone target not found
Refreshing native plugins compatible for Editor in 41.85 ms, found 1 plugins.
Preloading 0 native plugins for Editor in 0.00 ms.
Invoked RoslynAnalysisRunner static constructor.
RoslynAnalysisRunner will not be running.
RoslynAnalysisRunner has terminated.
Mono: successfully reloaded assembly
- Completed reload, in  1.198 seconds
Platform modules already initialized, skipping
Registering precompiled user dll's ...
Registered in 0.001620 seconds.
Begin MonoManager ReloadAssembly
Native extension for WindowsStandalone target not found
Refreshing native plugins compatible for Editor in 37.34 ms, found 1 plugins.
Preloading 0 native plugins for Editor in 0.00 ms.
Invoked RoslynAnalysisRunner static constructor.
RoslynAnalysisRunner will not be running.
RoslynAnalysisRunner has terminated.
Mono: successfully reloaded assembly
- Completed reload, in  0.931 seconds
Platform modules already initialized, skipping
========================================================================
Worker process is ready to serve import requests
Launched and connected shader compiler UnityShaderCompiler.exe after 0.05 seconds
Refreshing native plugins compatible for Editor in 0.40 ms, found 1 plugins.
Preloading 0 native plugins for Editor in 0.00 ms.
Unloading 1819 Unused Serialized files (Serialized files now loaded: 0)
System memory in use before: 85.1 MB.
System memory in use after: 85.2 MB.

Unloading 19 unused Assets to reduce memory usage. Loaded Objects now: 2268.
Total: 2.252400 ms (FindLiveObjects: 0.301700 ms CreateObjectMapping: 0.119700 ms MarkObjects: 1.769800 ms  DeleteObjects: 0.060200 ms)

========================================================================
Received Import Request.
  path: Assets/Scripts/GameOver.cs
  artifactKey: Guid(88879aaf1cee6c34196447122c4c33f0) Importer(815301076,1909f56bfc062723c751e8b465ee728b)
Start importing Assets/Scripts/GameOver.cs using Guid(88879aaf1cee6c34196447122c4c33f0) Importer(815301076,1909f56bfc062723c751e8b465ee728b)  -> (artifact id: 'b445da94c4d1af26f97ad9ad1fcdebef') in 0.047908 seconds
  Import took 0.050460 seconds .

========================================================================
Received Import Request.
  Time since last request: 105.792853 seconds.
  path: Assets/Scripts/MainMenu.cs
  artifactKey: Guid(254f2fe4c980cd34ab565d670ad1e736) Importer(815301076,1909f56bfc062723c751e8b465ee728b)
Start importing Assets/Scripts/MainMenu.cs using Guid(254f2fe4c980cd34ab565d670ad1e736) Importer(815301076,1909f56bfc062723c751e8b465ee728b)  -> (artifact id: '383134085b6f3cf535c6853050cfd745') in 0.003128 seconds
  Import took 0.006028 seconds .

AssetImportWorkerClient::OnTransportError - code=2 error=End of file
